---------------------------------------------------------------
[ 2021-01-29T09:45:02+08:00 ] 0.0.0.0 GET localhost:82/Manage/Block/index.html
[运行时间：0.193979s] [吞吐率：5.16req/s] [内存消耗：3,521.36kb] [文件加载：58]
[ info ] [ LANG ] /Users/hahah./Documents/wwwroot/hardware-tools/thinkphp/lang/zh-cn.php
[ info ] [ ROUTE ] array (
  'type' => 'module',
  'module' => 
  array (
    0 => 'Manage',
    1 => 'Block',
    2 => 'index',
  ),
)
[ info ] [ HEADER ] array (
  'host' => 'localhost:82',
  'connection' => 'keep-alive',
  'upgrade-insecure-requests' => '1',
  'user-agent' => 'Mozilla/5.0 (Macintosh; Intel Mac OS X 10_14_6) AppleWebKit/537.36 (KHTML, like Gecko) Chrome/90.0.4400.10 Safari/537.36',
  'accept' => 'text/html,application/xhtml+xml,application/xml;q=0.9,image/avif,image/webp,image/apng,*/*;q=0.8,application/signed-exchange;v=b3;q=0.9',
  'sec-fetch-site' => 'same-origin',
  'sec-fetch-mode' => 'navigate',
  'sec-fetch-user' => '?1',
  'sec-fetch-dest' => 'document',
  'referer' => 'http://localhost:82/Manage/Info/index.html',
  'accept-encoding' => 'gzip, deflate, br',
  'accept-language' => 'zh-CN,zh;q=0.9,en;q=0.8',
  'cookie' => 'thinkphp_show_page_trace=0|0; thinkphp_show_page_trace=0|0; Hm_lvt_dea6bad1057861a8f0ec2b6f8332eec1=1593507666,1594256411; reload=; live_num=; url_num=0; UM_distinctid=1743435027a3dc-0ea8b851e725b8-67360a77-13c680-1743435027b8d0; CNZZDATA1272141907=1901091492-1598602705-%7C1602575711; ECS[visit_times]=19; __atuvc=10%7C45%2C10%7C46%2C17%7C47; LiveWSPDT40807208=84e65eceda0a48f0aa0e7b897a38e092; NPDT40807208fistvisitetime=1609574085335; NPDT40807208visitecounts=1; NPDT40807208lastvisitetime=1609596671942; NPDT40807208visitepages=27; PHPSESSID=jvd97e1vnu1gn0od1v3hbti952; thinkphp_show_page_trace=0|0',
)
[ info ] [ PARAM ] array (
)
[ info ] [ SESSION ] INIT array (
  'id' => '',
  'var_session_id' => '',
  'prefix' => '',
  'type' => '',
  'auto_start' => true,
)
[ info ] [ DB ] INIT mysql
[ info ] [ RUN ] app\Manage\controller\BlockController->index[ /Users/hahah./Documents/wwwroot/hardware-tools/application/Manage/controller/BlockController.php ]
[ info ] [ VIEW ] /Users/hahah./Documents/wwwroot/hardware-tools/public/../application/Manage/view/block/index.php [ array (
  0 => 'user',
  1 => 'userMenu',
  2 => 'language',
  3 => 'languages',
  4 => 'tinymce',
  5 => 'list',
) ]
[ info ] [ LOG ] INIT File
[ sql ] [ DB ] CONNECT:[ UseTime:0.000788s ] mysql:host=127.0.0.1;port=3306;dbname=hardware-tools;charset=utf8
[ sql ] [ SQL ] SHOW COLUMNS FROM `cms_admin_user` [ RunTime:0.000846s ]
[ sql ] [ SQL ] SELECT * FROM `cms_admin_user` WHERE  `id` = 1  AND `status` = 1 LIMIT 1 [ RunTime:0.000631s ]
[ sql ] [ SQL ] SHOW COLUMNS FROM `cms_website_language` [ RunTime:0.000632s ]
[ sql ] [ SQL ] SELECT * FROM `cms_website_language` WHERE  `status` = 1  AND `is_default` = 1  AND `is_avail` = 1 LIMIT 1 [ RunTime:0.000533s ]
[ sql ] [ SQL ] SELECT * FROM `cms_website_language` WHERE  `status` = 1  AND `is_avail` = 1 [ RunTime:0.000367s ]
[ sql ] [ SQL ] SHOW COLUMNS FROM `cms_app_template` [ RunTime:0.000580s ]
[ sql ] [ SQL ] SELECT * FROM `cms_app_template` WHERE  `current` = 1  AND `status` = 1 LIMIT 1 [ RunTime:0.000403s ]
[ sql ] [ SQL ] SHOW COLUMNS FROM `cms_block` [ RunTime:0.000947s ]
[ sql ] [ SQL ] SELECT * FROM `cms_block` WHERE  `index_code` = 'index_banner' LIMIT 1 [ RunTime:0.000905s ]
[ sql ] [ SQL ] SELECT * FROM `cms_block` WHERE  `index_code` = 'index_ad1' LIMIT 1 [ RunTime:0.000475s ]
[ sql ] [ SQL ] SELECT * FROM `cms_block` WHERE  `index_code` = 'news_banner' LIMIT 1 [ RunTime:0.000377s ]
[ sql ] [ SQL ] SELECT * FROM `cms_block` WHERE  `index_code` = 'member_banner' LIMIT 1 [ RunTime:0.000388s ]
[ sql ] [ SQL ] SELECT * FROM `cms_block` WHERE  `index_code` = 'page_ad1' LIMIT 1 [ RunTime:0.000678s ]
[ sql ] [ SQL ] SELECT * FROM `cms_block` WHERE  `index_code` = 'page_ad2' LIMIT 1 [ RunTime:0.000542s ]
[ sql ] [ SQL ] SELECT COUNT(*) AS tp_count FROM `cms_block` LIMIT 1 [ RunTime:0.005079s ]
[ sql ] [ SQL ] SELECT * FROM `cms_block` LIMIT 0,10 [ RunTime:0.000514s ]
---------------------------------------------------------------
[ 2021-01-29T14:21:01+08:00 ] 0.0.0.0 GET localhost:82/Manage/Block/index.html
[运行时间：0.127061s] [吞吐率：7.87req/s] [内存消耗：3,521.36kb] [文件加载：58]
[ info ] [ LANG ] /Users/hahah./Documents/wwwroot/hardware-tools/thinkphp/lang/zh-cn.php
[ info ] [ ROUTE ] array (
  'type' => 'module',
  'module' => 
  array (
    0 => 'Manage',
    1 => 'Block',
    2 => 'index',
  ),
)
[ info ] [ HEADER ] array (
  'host' => 'localhost:82',
  'connection' => 'keep-alive',
  'upgrade-insecure-requests' => '1',
  'user-agent' => 'Mozilla/5.0 (Macintosh; Intel Mac OS X 10_14_6) AppleWebKit/537.36 (KHTML, like Gecko) Chrome/90.0.4400.10 Safari/537.36',
  'accept' => 'text/html,application/xhtml+xml,application/xml;q=0.9,image/avif,image/webp,image/apng,*/*;q=0.8,application/signed-exchange;v=b3;q=0.9',
  'sec-fetch-site' => 'same-origin',
  'sec-fetch-mode' => 'navigate',
  'sec-fetch-user' => '?1',
  'sec-fetch-dest' => 'document',
  'referer' => 'http://localhost:82/Manage/Info/index.html',
  'accept-encoding' => 'gzip, deflate, br',
  'accept-language' => 'zh-CN,zh;q=0.9,en;q=0.8',
  'cookie' => 'thinkphp_show_page_trace=0|0; thinkphp_show_page_trace=0|0; Hm_lvt_dea6bad1057861a8f0ec2b6f8332eec1=1593507666,1594256411; reload=; live_num=; url_num=0; UM_distinctid=1743435027a3dc-0ea8b851e725b8-67360a77-13c680-1743435027b8d0; CNZZDATA1272141907=1901091492-1598602705-%7C1602575711; ECS[visit_times]=19; __atuvc=10%7C45%2C10%7C46%2C17%7C47; LiveWSPDT40807208=84e65eceda0a48f0aa0e7b897a38e092; NPDT40807208fistvisitetime=1609574085335; NPDT40807208visitecounts=1; NPDT40807208lastvisitetime=1609596671942; NPDT40807208visitepages=27; PHPSESSID=jvd97e1vnu1gn0od1v3hbti952; thinkphp_show_page_trace=0|0',
)
[ info ] [ PARAM ] array (
)
[ info ] [ SESSION ] INIT array (
  'id' => '',
  'var_session_id' => '',
  'prefix' => '',
  'type' => '',
  'auto_start' => true,
)
[ info ] [ DB ] INIT mysql
[ info ] [ RUN ] app\Manage\controller\BlockController->index[ /Users/hahah./Documents/wwwroot/hardware-tools/application/Manage/controller/BlockController.php ]
[ info ] [ VIEW ] /Users/hahah./Documents/wwwroot/hardware-tools/public/../application/Manage/view/block/index.php [ array (
  0 => 'user',
  1 => 'userMenu',
  2 => 'language',
  3 => 'languages',
  4 => 'tinymce',
  5 => 'list',
) ]
[ info ] [ LOG ] INIT File
[ sql ] [ DB ] CONNECT:[ UseTime:0.001467s ] mysql:host=127.0.0.1;port=3306;dbname=hardware-tools;charset=utf8
[ sql ] [ SQL ] SHOW COLUMNS FROM `cms_admin_user` [ RunTime:0.002281s ]
[ sql ] [ SQL ] SELECT * FROM `cms_admin_user` WHERE  `id` = 1  AND `status` = 1 LIMIT 1 [ RunTime:0.000506s ]
[ sql ] [ SQL ] SHOW COLUMNS FROM `cms_website_language` [ RunTime:0.000920s ]
[ sql ] [ SQL ] SELECT * FROM `cms_website_language` WHERE  `status` = 1  AND `is_default` = 1  AND `is_avail` = 1 LIMIT 1 [ RunTime:0.000516s ]
[ sql ] [ SQL ] SELECT * FROM `cms_website_language` WHERE  `status` = 1  AND `is_avail` = 1 [ RunTime:0.000390s ]
[ sql ] [ SQL ] SHOW COLUMNS FROM `cms_app_template` [ RunTime:0.001131s ]
[ sql ] [ SQL ] SELECT * FROM `cms_app_template` WHERE  `current` = 1  AND `status` = 1 LIMIT 1 [ RunTime:0.000596s ]
[ sql ] [ SQL ] SHOW COLUMNS FROM `cms_block` [ RunTime:0.000931s ]
[ sql ] [ SQL ] SELECT * FROM `cms_block` WHERE  `index_code` = 'index_banner' LIMIT 1 [ RunTime:0.000477s ]
[ sql ] [ SQL ] SELECT * FROM `cms_block` WHERE  `index_code` = 'index_ad1' LIMIT 1 [ RunTime:0.000373s ]
[ sql ] [ SQL ] SELECT * FROM `cms_block` WHERE  `index_code` = 'news_banner' LIMIT 1 [ RunTime:0.000354s ]
[ sql ] [ SQL ] SELECT * FROM `cms_block` WHERE  `index_code` = 'member_banner' LIMIT 1 [ RunTime:0.000425s ]
[ sql ] [ SQL ] SELECT * FROM `cms_block` WHERE  `index_code` = 'page_ad1' LIMIT 1 [ RunTime:0.000522s ]
[ sql ] [ SQL ] SELECT * FROM `cms_block` WHERE  `index_code` = 'page_ad2' LIMIT 1 [ RunTime:0.000373s ]
[ sql ] [ SQL ] SELECT COUNT(*) AS tp_count FROM `cms_block` LIMIT 1 [ RunTime:0.000360s ]
[ sql ] [ SQL ] SELECT * FROM `cms_block` LIMIT 0,10 [ RunTime:0.000425s ]
