---------------------------------------------------------------
[ 2021-02-19T14:58:43+08:00 ] 0.0.0.0 GET localhost:82/
[运行时间：0.200992s] [吞吐率：4.98req/s] [内存消耗：3,886.36kb] [文件加载：67]
[ info ] [ LANG ] /Users/hahah./Documents/wwwroot/hardware-tools/thinkphp/lang/zh-cn.php
[ info ] [ ROUTE ] array (
  'type' => 'module',
  'module' => 
  array (
    0 => '',
    1 => NULL,
    2 => NULL,
  ),
)
[ info ] [ HEADER ] array (
  'host' => 'localhost:82',
  'connection' => 'keep-alive',
  'sec-ch-ua' => '" Not A;Brand";v="99", "Chromium";v="90", "Google Chrome";v="90"',
  'sec-ch-ua-mobile' => '?0',
  'upgrade-insecure-requests' => '1',
  'user-agent' => 'Mozilla/5.0 (Macintosh; Intel Mac OS X 10_14_6) AppleWebKit/537.36 (KHTML, like Gecko) Chrome/90.0.4412.3 Safari/537.36',
  'accept' => 'text/html,application/xhtml+xml,application/xml;q=0.9,image/avif,image/webp,image/apng,*/*;q=0.8,application/signed-exchange;v=b3;q=0.9',
  'sec-fetch-site' => 'none',
  'sec-fetch-mode' => 'navigate',
  'sec-fetch-user' => '?1',
  'sec-fetch-dest' => 'document',
  'accept-encoding' => 'gzip, deflate, br',
  'accept-language' => 'zh-CN,zh;q=0.9,en;q=0.8',
  'cookie' => 'Hm_lvt_dea6bad1057861a8f0ec2b6f8332eec1=1593507666,1594256411; reload=; live_num=; url_num=0; UM_distinctid=1743435027a3dc-0ea8b851e725b8-67360a77-13c680-1743435027b8d0; CNZZDATA1272141907=1901091492-1598602705-%7C1602575711; ECS[visit_times]=19; __atuvc=10%7C45%2C10%7C46%2C17%7C47; LiveWSPDT40807208=84e65eceda0a48f0aa0e7b897a38e092; NPDT40807208fistvisitetime=1609574085335; PHPSESSID=pvhrrsv0feh0ep40635h0r4acv; NPDT40807208lastvisitetime=1613611353432; NPDT40807208visitecounts=5; NPDT40807208visitepages=48; Hm_lvt_b0e672a37e22e99ef7d43e2a038c5c33=1613611354; Hm_lpvt_b0e672a37e22e99ef7d43e2a038c5c33=1613611354',
)
[ info ] [ PARAM ] array (
)
[ info ] [ DB ] INIT mysql
[ info ] [ SESSION ] INIT array (
  'id' => '',
  'var_session_id' => '',
  'prefix' => '',
  'type' => '',
  'auto_start' => true,
)
[ info ] [ RUN ] app\Home\controller\IndexController->index[ /Users/hahah./Documents/wwwroot/hardware-tools/application/Home/controller/IndexController.php ]
[ info ] [ VIEW ] /Users/hahah./Documents/wwwroot/hardware-tools/public/../application/Home/view/default/index/index.php [ array (
  0 => 'language',
  1 => 'languages',
  2 => 'website',
  3 => 'navigation',
  4 => 'pages',
  5 => 'block',
  6 => 'block1',
  7 => 'article',
  8 => 'notice',
  9 => 'link',
) ]
[ info ] [ LOG ] INIT File
[ sql ] [ DB ] CONNECT:[ UseTime:0.003159s ] mysql:host=127.0.0.1;port=3306;dbname=hardware-tools;charset=utf8
[ sql ] [ SQL ] SHOW COLUMNS FROM `cms_website_language` [ RunTime:0.004438s ]
[ sql ] [ SQL ] SELECT * FROM `cms_website_language` WHERE  `id` = 1 LIMIT 1 [ RunTime:0.000352s ]
[ sql ] [ SQL ] SELECT * FROM `cms_website_language` WHERE  `status` = 1  AND `is_avail` = 1 [ RunTime:0.000294s ]
[ sql ] [ SQL ] SHOW COLUMNS FROM `cms_website` [ RunTime:0.002392s ]
[ sql ] [ SQL ] SELECT * FROM `cms_website` WHERE  `language_id` = 1 LIMIT 1 [ RunTime:0.000347s ]
[ sql ] [ SQL ] SHOW COLUMNS FROM `cms_app_template` [ RunTime:0.002972s ]
[ sql ] [ SQL ] SELECT * FROM `cms_app_template` WHERE  `current` = 1  AND `status` = 1 LIMIT 1 [ RunTime:0.000302s ]
[ sql ] [ SQL ] SHOW COLUMNS FROM `cms_navigation` [ RunTime:0.002723s ]
[ sql ] [ SQL ] SELECT * FROM `cms_navigation` WHERE  `language_id` = 1  AND `pid` = 0 ORDER BY `sort` ASC [ RunTime:0.000355s ]
[ sql ] [ SQL ] SELECT * FROM `cms_navigation` WHERE  `language_id` = 1  AND `pid` = 7 ORDER BY `sort` ASC [ RunTime:0.000376s ]
[ sql ] [ SQL ] SELECT * FROM `cms_navigation` WHERE  `language_id` = 1  AND `pid` = 8 ORDER BY `sort` ASC [ RunTime:0.000258s ]
[ sql ] [ SQL ] SELECT * FROM `cms_navigation` WHERE  `language_id` = 1  AND `pid` = 9 ORDER BY `sort` ASC [ RunTime:0.000320s ]
[ sql ] [ SQL ] SELECT * FROM `cms_navigation` WHERE  `language_id` = 1  AND `pid` = 12 ORDER BY `sort` ASC [ RunTime:0.000315s ]
[ sql ] [ SQL ] SELECT * FROM `cms_navigation` WHERE  `language_id` = 1  AND `pid` = 13 ORDER BY `sort` ASC [ RunTime:0.000226s ]
[ sql ] [ SQL ] SELECT * FROM `cms_navigation` WHERE  `language_id` = 1  AND `pid` = 14 ORDER BY `sort` ASC [ RunTime:0.000246s ]
[ sql ] [ SQL ] SELECT * FROM `cms_navigation` WHERE  `language_id` = 1  AND `pid` = 10 ORDER BY `sort` ASC [ RunTime:0.000291s ]
[ sql ] [ SQL ] SELECT * FROM `cms_navigation` WHERE  `language_id` = 1  AND `pid` = 15 ORDER BY `sort` ASC [ RunTime:0.000227s ]
[ sql ] [ SQL ] SELECT * FROM `cms_navigation` WHERE  `language_id` = 1  AND `pid` = 16 ORDER BY `sort` ASC [ RunTime:0.000262s ]
[ sql ] [ SQL ] SELECT * FROM `cms_navigation` WHERE  `language_id` = 1  AND `pid` = 11 ORDER BY `sort` ASC [ RunTime:0.000267s ]
[ sql ] [ SQL ] SHOW COLUMNS FROM `cms_page` [ RunTime:0.002436s ]
[ sql ] [ SQL ] SELECT * FROM `cms_page` WHERE  `language_id` = 1  AND `status` = 1 [ RunTime:0.000477s ]
[ sql ] [ SQL ] SHOW COLUMNS FROM `cms_block_child` [ RunTime:0.003973s ]
[ sql ] [ SQL ] SELECT * FROM `cms_block_child` WHERE  `language_id` = 1  AND `status` = 1  AND `block_id` = 1 [ RunTime:0.000359s ]
[ sql ] [ SQL ] SELECT * FROM `cms_block_child` WHERE  `language_id` = 1  AND `status` = 1  AND `block_id` = 2 LIMIT 1 [ RunTime:0.000255s ]
[ sql ] [ SQL ] SHOW COLUMNS FROM `cms_article_category` [ RunTime:0.002559s ]
[ sql ] [ SQL ] SELECT * FROM `cms_article_category` WHERE  `language_id` = 1  AND `status` = 1 [ RunTime:0.000402s ]
[ sql ] [ SQL ] SHOW COLUMNS FROM `cms_article` [ RunTime:0.003624s ]
[ sql ] [ SQL ] SELECT * FROM `cms_article` WHERE  `status` = 1  AND `show_home` = 1  AND `cid` IN (1,2,3) ORDER BY `sort` ASC,`created_at` DESC [ RunTime:0.003794s ]
[ sql ] [ SQL ] SHOW COLUMNS FROM `cms_notice` [ RunTime:0.002865s ]
[ sql ] [ SQL ] SELECT * FROM `cms_notice` WHERE  `cid` = 1  AND `language_id` = 1  AND `status` = 1 ORDER BY `sort` ASC,`created_at` DESC LIMIT 3 [ RunTime:0.000530s ]
[ sql ] [ SQL ] SHOW COLUMNS FROM `cms_link_category` [ RunTime:0.002240s ]
[ sql ] [ SQL ] SELECT * FROM `cms_link_category` WHERE  `language_id` = 1  AND `status` = 1 [ RunTime:0.000241s ]
[ sql ] [ SQL ] SHOW COLUMNS FROM `cms_link` [ RunTime:0.003239s ]
[ sql ] [ SQL ] SELECT * FROM `cms_link` WHERE  `status` = 1  AND `type` IN (3,4,5,6) [ RunTime:0.000360s ]
[ error ] [8]未定义变量: info[/Users/hahah./Documents/wwwroot/hardware-tools/runtime/temp/45aa5ce826112d3ebb9613505dd3d5af.php:8]
[ error ] [8]未定义变量: info[/Users/hahah./Documents/wwwroot/hardware-tools/runtime/temp/45aa5ce826112d3ebb9613505dd3d5af.php:13]
---------------------------------------------------------------
[ 2021-02-19T14:58:46+08:00 ] 0.0.0.0 GET localhost:82/Home/Analytics/index.html?domain=localhost&url=http%3A%2F%2Flocalhost%3A82%2F&title=%E5%AE%81%E6%B3%A2%E9%84%9E%E5%B7%9E%E5%8C%BA%E4%BA%94%E9%87%91%E5%B7%A5%E5%85%B7%E5%9B%BD%E9%99%85%E5%95%86%E4%BC%9A&referrer=&sh=900&sw=1440&cd=24&lang=zh-CN&account=Ningbo%20Suntek
[运行时间：1.446816s] [吞吐率：0.69req/s] [内存消耗：3,445.72kb] [文件加载：56]
[ info ] [ LANG ] /Users/hahah./Documents/wwwroot/hardware-tools/thinkphp/lang/zh-cn.php
[ info ] [ ROUTE ] array (
  'type' => 'module',
  'module' => 
  array (
    0 => 'Home',
    1 => 'Analytics',
    2 => 'index',
  ),
)
[ info ] [ HEADER ] array (
  'host' => 'localhost:82',
  'connection' => 'keep-alive',
  'sec-ch-ua' => '" Not A;Brand";v="99", "Chromium";v="90", "Google Chrome";v="90"',
  'sec-ch-ua-mobile' => '?0',
  'user-agent' => 'Mozilla/5.0 (Macintosh; Intel Mac OS X 10_14_6) AppleWebKit/537.36 (KHTML, like Gecko) Chrome/90.0.4412.3 Safari/537.36',
  'accept' => 'image/avif,image/webp,image/apng,image/svg+xml,image/*,*/*;q=0.8',
  'sec-fetch-site' => 'same-origin',
  'sec-fetch-mode' => 'no-cors',
  'sec-fetch-dest' => 'image',
  'referer' => 'http://localhost:82/',
  'accept-encoding' => 'gzip, deflate, br',
  'accept-language' => 'zh-CN,zh;q=0.9,en;q=0.8',
  'cookie' => 'Hm_lvt_dea6bad1057861a8f0ec2b6f8332eec1=1593507666,1594256411; reload=; live_num=; url_num=0; UM_distinctid=1743435027a3dc-0ea8b851e725b8-67360a77-13c680-1743435027b8d0; CNZZDATA1272141907=1901091492-1598602705-%7C1602575711; ECS[visit_times]=19; __atuvc=10%7C45%2C10%7C46%2C17%7C47; LiveWSPDT40807208=84e65eceda0a48f0aa0e7b897a38e092; NPDT40807208fistvisitetime=1609574085335; PHPSESSID=pvhrrsv0feh0ep40635h0r4acv; NPDT40807208lastvisitetime=1613611353432; NPDT40807208visitecounts=5; NPDT40807208visitepages=48; Hm_lvt_b0e672a37e22e99ef7d43e2a038c5c33=1613611354; Hm_lpvt_b0e672a37e22e99ef7d43e2a038c5c33=1613611354; thinkphp_show_page_trace=0|0',
)
[ info ] [ PARAM ] array (
  'domain' => 'localhost',
  'url' => 'http://localhost:82/',
  'title' => '宁波鄞州区五金工具国际商会',
  'referrer' => '',
  'sh' => '900',
  'sw' => '1440',
  'cd' => '24',
  'lang' => 'zh-CN',
  'account' => 'Ningbo Suntek',
)
[ info ] [ DB ] INIT mysql
[ info ] [ SESSION ] INIT array (
  'id' => '',
  'var_session_id' => '',
  'prefix' => '',
  'type' => '',
  'auto_start' => true,
)
[ info ] [ RUN ] app\Home\controller\AnalyticsController->index[ /Users/hahah./Documents/wwwroot/hardware-tools/application/Home/controller/AnalyticsController.php ]
[ info ] [ LOG ] INIT File
[ sql ] [ DB ] CONNECT:[ UseTime:0.000613s ] mysql:host=127.0.0.1;port=3306;dbname=hardware-tools;charset=utf8
[ sql ] [ SQL ] SHOW COLUMNS FROM `cms_website_language` [ RunTime:0.000768s ]
[ sql ] [ SQL ] SELECT * FROM `cms_website_language` WHERE  `id` = 1 LIMIT 1 [ RunTime:0.000409s ]
[ sql ] [ SQL ] SELECT * FROM `cms_website_language` WHERE  `status` = 1  AND `is_avail` = 1 [ RunTime:0.000326s ]
[ sql ] [ SQL ] SHOW COLUMNS FROM `cms_website` [ RunTime:0.000612s ]
[ sql ] [ SQL ] SELECT * FROM `cms_website` WHERE  `language_id` = 1 LIMIT 1 [ RunTime:0.000383s ]
[ sql ] [ SQL ] SHOW COLUMNS FROM `cms_app_template` [ RunTime:0.000927s ]
[ sql ] [ SQL ] SELECT * FROM `cms_app_template` WHERE  `current` = 1  AND `status` = 1 LIMIT 1 [ RunTime:0.000471s ]
[ sql ] [ SQL ] SHOW COLUMNS FROM `cms_navigation` [ RunTime:0.001059s ]
[ sql ] [ SQL ] SELECT * FROM `cms_navigation` WHERE  `language_id` = 1  AND `pid` = 0 ORDER BY `sort` ASC [ RunTime:0.000475s ]
[ sql ] [ SQL ] SELECT * FROM `cms_navigation` WHERE  `language_id` = 1  AND `pid` = 7 ORDER BY `sort` ASC [ RunTime:0.000471s ]
[ sql ] [ SQL ] SELECT * FROM `cms_navigation` WHERE  `language_id` = 1  AND `pid` = 8 ORDER BY `sort` ASC [ RunTime:0.000373s ]
[ sql ] [ SQL ] SELECT * FROM `cms_navigation` WHERE  `language_id` = 1  AND `pid` = 9 ORDER BY `sort` ASC [ RunTime:0.000394s ]
[ sql ] [ SQL ] SELECT * FROM `cms_navigation` WHERE  `language_id` = 1  AND `pid` = 12 ORDER BY `sort` ASC [ RunTime:0.000297s ]
[ sql ] [ SQL ] SELECT * FROM `cms_navigation` WHERE  `language_id` = 1  AND `pid` = 13 ORDER BY `sort` ASC [ RunTime:0.000234s ]
[ sql ] [ SQL ] SELECT * FROM `cms_navigation` WHERE  `language_id` = 1  AND `pid` = 14 ORDER BY `sort` ASC [ RunTime:0.000218s ]
[ sql ] [ SQL ] SELECT * FROM `cms_navigation` WHERE  `language_id` = 1  AND `pid` = 10 ORDER BY `sort` ASC [ RunTime:0.000266s ]
[ sql ] [ SQL ] SELECT * FROM `cms_navigation` WHERE  `language_id` = 1  AND `pid` = 15 ORDER BY `sort` ASC [ RunTime:0.000199s ]
[ sql ] [ SQL ] SELECT * FROM `cms_navigation` WHERE  `language_id` = 1  AND `pid` = 16 ORDER BY `sort` ASC [ RunTime:0.000216s ]
[ sql ] [ SQL ] SELECT * FROM `cms_navigation` WHERE  `language_id` = 1  AND `pid` = 11 ORDER BY `sort` ASC [ RunTime:0.000209s ]
[ sql ] [ SQL ] SHOW COLUMNS FROM `cms_page` [ RunTime:0.000480s ]
[ sql ] [ SQL ] SELECT * FROM `cms_page` WHERE  `language_id` = 1  AND `status` = 1 [ RunTime:0.000378s ]
[ sql ] [ SQL ] SHOW COLUMNS FROM `cms_visitor` [ RunTime:0.003179s ]
[ sql ] [ SQL ] INSERT INTO `cms_visitor` (`code` , `first_visit_at` , `last_visit_at` , `created_day` , `created_month` , `created_year` , `is_returning` , `visit_count` , `created_at` , `updated_at`) VALUES ('cffd0c9eb5cf81f0968dda085b018b9d' , 1613717925 , 1613717925 , 19 , 219 , 2021 , 0 , 1 , 1613717926 , 1613717926) [ RunTime:0.009468s ]
[ sql ] [ SQL ] SHOW COLUMNS FROM `cms_visitor_log` [ RunTime:0.002542s ]
[ sql ] [ SQL ] INSERT INTO `cms_visitor_log` (`created_at` , `created_day` , `created_month` , `created_year` , `domain` , `v_url` , `v_title` , `referrer` , `screen_height` , `screen_width` , `screen_colordepth` , `lang` , `account` , `client_ip` , `country` , `user_agent` , `vid` , `updated_at`) VALUES (1613717926 , 19 , 219 , 2021 , 'localhost' , 'http://localhost:82/' , '宁波鄞州区五金工具国际商会' , '其他' , 900 , 1440 , 24 , 'zh-CN' , 'Ningbo Suntek' , 0 , 'China' , 'Chrome' , 22 , 1613717926) [ RunTime:0.000648s ]
---------------------------------------------------------------
[ 2021-02-19T14:58:51+08:00 ] 0.0.0.0 GET localhost:82/
[运行时间：0.073148s] [吞吐率：13.67req/s] [内存消耗：3,886.34kb] [文件加载：67]
[ info ] [ LANG ] /Users/hahah./Documents/wwwroot/hardware-tools/thinkphp/lang/zh-cn.php
[ info ] [ ROUTE ] array (
  'type' => 'module',
  'module' => 
  array (
    0 => '',
    1 => NULL,
    2 => NULL,
  ),
)
[ info ] [ HEADER ] array (
  'host' => 'localhost:82',
  'connection' => 'keep-alive',
  'sec-ch-ua' => '" Not A;Brand";v="99", "Chromium";v="90", "Google Chrome";v="90"',
  'sec-ch-ua-mobile' => '?0',
  'upgrade-insecure-requests' => '1',
  'user-agent' => 'Mozilla/5.0 (Macintosh; Intel Mac OS X 10_14_6) AppleWebKit/537.36 (KHTML, like Gecko) Chrome/90.0.4412.3 Safari/537.36',
  'accept' => 'text/html,application/xhtml+xml,application/xml;q=0.9,image/avif,image/webp,image/apng,*/*;q=0.8,application/signed-exchange;v=b3;q=0.9',
  'sec-fetch-site' => 'none',
  'sec-fetch-mode' => 'navigate',
  'sec-fetch-user' => '?1',
  'sec-fetch-dest' => 'document',
  'accept-encoding' => 'gzip, deflate, br',
  'accept-language' => 'zh-CN,zh;q=0.9,en;q=0.8',
  'cookie' => 'Hm_lvt_dea6bad1057861a8f0ec2b6f8332eec1=1593507666,1594256411; reload=; live_num=; url_num=0; UM_distinctid=1743435027a3dc-0ea8b851e725b8-67360a77-13c680-1743435027b8d0; CNZZDATA1272141907=1901091492-1598602705-%7C1602575711; ECS[visit_times]=19; __atuvc=10%7C45%2C10%7C46%2C17%7C47; LiveWSPDT40807208=84e65eceda0a48f0aa0e7b897a38e092; NPDT40807208fistvisitetime=1609574085335; PHPSESSID=pvhrrsv0feh0ep40635h0r4acv; NPDT40807208lastvisitetime=1613611353432; NPDT40807208visitecounts=5; NPDT40807208visitepages=48; Hm_lvt_b0e672a37e22e99ef7d43e2a038c5c33=1613611354; Hm_lpvt_b0e672a37e22e99ef7d43e2a038c5c33=1613611354; thinkphp_show_page_trace=0|0',
)
[ info ] [ PARAM ] array (
)
[ info ] [ DB ] INIT mysql
[ info ] [ SESSION ] INIT array (
  'id' => '',
  'var_session_id' => '',
  'prefix' => '',
  'type' => '',
  'auto_start' => true,
)
[ info ] [ RUN ] app\Home\controller\IndexController->index[ /Users/hahah./Documents/wwwroot/hardware-tools/application/Home/controller/IndexController.php ]
[ info ] [ VIEW ] /Users/hahah./Documents/wwwroot/hardware-tools/public/../application/Home/view/default/index/index.php [ array (
  0 => 'language',
  1 => 'languages',
  2 => 'website',
  3 => 'navigation',
  4 => 'pages',
  5 => 'block',
  6 => 'block1',
  7 => 'article',
  8 => 'notice',
  9 => 'link',
) ]
[ info ] [ LOG ] INIT File
[ sql ] [ DB ] CONNECT:[ UseTime:0.000639s ] mysql:host=127.0.0.1;port=3306;dbname=hardware-tools;charset=utf8
[ sql ] [ SQL ] SHOW COLUMNS FROM `cms_website_language` [ RunTime:0.000786s ]
[ sql ] [ SQL ] SELECT * FROM `cms_website_language` WHERE  `id` = 1 LIMIT 1 [ RunTime:0.000386s ]
[ sql ] [ SQL ] SELECT * FROM `cms_website_language` WHERE  `status` = 1  AND `is_avail` = 1 [ RunTime:0.000801s ]
[ sql ] [ SQL ] SHOW COLUMNS FROM `cms_website` [ RunTime:0.000888s ]
[ sql ] [ SQL ] SELECT * FROM `cms_website` WHERE  `language_id` = 1 LIMIT 1 [ RunTime:0.000471s ]
[ sql ] [ SQL ] SHOW COLUMNS FROM `cms_app_template` [ RunTime:0.000555s ]
[ sql ] [ SQL ] SELECT * FROM `cms_app_template` WHERE  `current` = 1  AND `status` = 1 LIMIT 1 [ RunTime:0.000335s ]
[ sql ] [ SQL ] SHOW COLUMNS FROM `cms_navigation` [ RunTime:0.000604s ]
[ sql ] [ SQL ] SELECT * FROM `cms_navigation` WHERE  `language_id` = 1  AND `pid` = 0 ORDER BY `sort` ASC [ RunTime:0.000415s ]
[ sql ] [ SQL ] SELECT * FROM `cms_navigation` WHERE  `language_id` = 1  AND `pid` = 7 ORDER BY `sort` ASC [ RunTime:0.000311s ]
[ sql ] [ SQL ] SELECT * FROM `cms_navigation` WHERE  `language_id` = 1  AND `pid` = 8 ORDER BY `sort` ASC [ RunTime:0.000257s ]
[ sql ] [ SQL ] SELECT * FROM `cms_navigation` WHERE  `language_id` = 1  AND `pid` = 9 ORDER BY `sort` ASC [ RunTime:0.000269s ]
[ sql ] [ SQL ] SELECT * FROM `cms_navigation` WHERE  `language_id` = 1  AND `pid` = 12 ORDER BY `sort` ASC [ RunTime:0.000250s ]
[ sql ] [ SQL ] SELECT * FROM `cms_navigation` WHERE  `language_id` = 1  AND `pid` = 13 ORDER BY `sort` ASC [ RunTime:0.000201s ]
[ sql ] [ SQL ] SELECT * FROM `cms_navigation` WHERE  `language_id` = 1  AND `pid` = 14 ORDER BY `sort` ASC [ RunTime:0.000225s ]
[ sql ] [ SQL ] SELECT * FROM `cms_navigation` WHERE  `language_id` = 1  AND `pid` = 10 ORDER BY `sort` ASC [ RunTime:0.000291s ]
[ sql ] [ SQL ] SELECT * FROM `cms_navigation` WHERE  `language_id` = 1  AND `pid` = 15 ORDER BY `sort` ASC [ RunTime:0.000289s ]
[ sql ] [ SQL ] SELECT * FROM `cms_navigation` WHERE  `language_id` = 1  AND `pid` = 16 ORDER BY `sort` ASC [ RunTime:0.000214s ]
[ sql ] [ SQL ] SELECT * FROM `cms_navigation` WHERE  `language_id` = 1  AND `pid` = 11 ORDER BY `sort` ASC [ RunTime:0.000441s ]
[ sql ] [ SQL ] SHOW COLUMNS FROM `cms_page` [ RunTime:0.000602s ]
[ sql ] [ SQL ] SELECT * FROM `cms_page` WHERE  `language_id` = 1  AND `status` = 1 [ RunTime:0.000472s ]
[ sql ] [ SQL ] SHOW COLUMNS FROM `cms_block_child` [ RunTime:0.000513s ]
[ sql ] [ SQL ] SELECT * FROM `cms_block_child` WHERE  `language_id` = 1  AND `status` = 1  AND `block_id` = 1 [ RunTime:0.000260s ]
[ sql ] [ SQL ] SELECT * FROM `cms_block_child` WHERE  `language_id` = 1  AND `status` = 1  AND `block_id` = 2 LIMIT 1 [ RunTime:0.000242s ]
[ sql ] [ SQL ] SHOW COLUMNS FROM `cms_article_category` [ RunTime:0.000577s ]
[ sql ] [ SQL ] SELECT * FROM `cms_article_category` WHERE  `language_id` = 1  AND `status` = 1 [ RunTime:0.000275s ]
[ sql ] [ SQL ] SHOW COLUMNS FROM `cms_article` [ RunTime:0.000557s ]
[ sql ] [ SQL ] SELECT * FROM `cms_article` WHERE  `status` = 1  AND `show_home` = 1  AND `cid` IN (1,2,3) ORDER BY `sort` ASC,`created_at` DESC [ RunTime:0.000452s ]
[ sql ] [ SQL ] SHOW COLUMNS FROM `cms_notice` [ RunTime:0.000526s ]
[ sql ] [ SQL ] SELECT * FROM `cms_notice` WHERE  `cid` = 1  AND `language_id` = 1  AND `status` = 1 ORDER BY `sort` ASC,`created_at` DESC LIMIT 3 [ RunTime:0.000294s ]
[ sql ] [ SQL ] SHOW COLUMNS FROM `cms_link_category` [ RunTime:0.000637s ]
[ sql ] [ SQL ] SELECT * FROM `cms_link_category` WHERE  `language_id` = 1  AND `status` = 1 [ RunTime:0.000278s ]
[ sql ] [ SQL ] SHOW COLUMNS FROM `cms_link` [ RunTime:0.000410s ]
[ sql ] [ SQL ] SELECT * FROM `cms_link` WHERE  `status` = 1  AND `type` IN (3,4,5,6) [ RunTime:0.000303s ]
[ error ] [8]未定义变量: info[/Users/hahah./Documents/wwwroot/hardware-tools/runtime/temp/45aa5ce826112d3ebb9613505dd3d5af.php:8]
[ error ] [8]未定义变量: info[/Users/hahah./Documents/wwwroot/hardware-tools/runtime/temp/45aa5ce826112d3ebb9613505dd3d5af.php:13]
---------------------------------------------------------------
[ 2021-02-19T14:58:54+08:00 ] 0.0.0.0 GET localhost:82/Home/Analytics/index.html?domain=localhost&url=http%3A%2F%2Flocalhost%3A82%2F&title=%E5%AE%81%E6%B3%A2%E9%84%9E%E5%B7%9E%E5%8C%BA%E4%BA%94%E9%87%91%E5%B7%A5%E5%85%B7%E5%9B%BD%E9%99%85%E5%95%86%E4%BC%9A&referrer=&sh=900&sw=1440&cd=24&lang=zh-CN&account=Ningbo%20Suntek
[运行时间：2.135293s] [吞吐率：0.47req/s] [内存消耗：3,445.72kb] [文件加载：56]
[ info ] [ LANG ] /Users/hahah./Documents/wwwroot/hardware-tools/thinkphp/lang/zh-cn.php
[ info ] [ ROUTE ] array (
  'type' => 'module',
  'module' => 
  array (
    0 => 'Home',
    1 => 'Analytics',
    2 => 'index',
  ),
)
[ info ] [ HEADER ] array (
  'host' => 'localhost:82',
  'connection' => 'keep-alive',
  'sec-ch-ua' => '" Not A;Brand";v="99", "Chromium";v="90", "Google Chrome";v="90"',
  'sec-ch-ua-mobile' => '?0',
  'user-agent' => 'Mozilla/5.0 (Macintosh; Intel Mac OS X 10_14_6) AppleWebKit/537.36 (KHTML, like Gecko) Chrome/90.0.4412.3 Safari/537.36',
  'accept' => 'image/avif,image/webp,image/apng,image/svg+xml,image/*,*/*;q=0.8',
  'sec-fetch-site' => 'same-origin',
  'sec-fetch-mode' => 'no-cors',
  'sec-fetch-dest' => 'image',
  'referer' => 'http://localhost:82/',
  'accept-encoding' => 'gzip, deflate, br',
  'accept-language' => 'zh-CN,zh;q=0.9,en;q=0.8',
  'cookie' => 'Hm_lvt_dea6bad1057861a8f0ec2b6f8332eec1=1593507666,1594256411; reload=; live_num=; url_num=0; UM_distinctid=1743435027a3dc-0ea8b851e725b8-67360a77-13c680-1743435027b8d0; CNZZDATA1272141907=1901091492-1598602705-%7C1602575711; ECS[visit_times]=19; __atuvc=10%7C45%2C10%7C46%2C17%7C47; LiveWSPDT40807208=84e65eceda0a48f0aa0e7b897a38e092; NPDT40807208fistvisitetime=1609574085335; PHPSESSID=pvhrrsv0feh0ep40635h0r4acv; NPDT40807208lastvisitetime=1613611353432; NPDT40807208visitecounts=5; NPDT40807208visitepages=48; Hm_lvt_b0e672a37e22e99ef7d43e2a038c5c33=1613611354; Hm_lpvt_b0e672a37e22e99ef7d43e2a038c5c33=1613611354; thinkphp_show_page_trace=0|0',
)
[ info ] [ PARAM ] array (
  'domain' => 'localhost',
  'url' => 'http://localhost:82/',
  'title' => '宁波鄞州区五金工具国际商会',
  'referrer' => '',
  'sh' => '900',
  'sw' => '1440',
  'cd' => '24',
  'lang' => 'zh-CN',
  'account' => 'Ningbo Suntek',
)
[ info ] [ DB ] INIT mysql
[ info ] [ SESSION ] INIT array (
  'id' => '',
  'var_session_id' => '',
  'prefix' => '',
  'type' => '',
  'auto_start' => true,
)
[ info ] [ RUN ] app\Home\controller\AnalyticsController->index[ /Users/hahah./Documents/wwwroot/hardware-tools/application/Home/controller/AnalyticsController.php ]
[ info ] [ LOG ] INIT File
[ sql ] [ DB ] CONNECT:[ UseTime:0.000780s ] mysql:host=127.0.0.1;port=3306;dbname=hardware-tools;charset=utf8
[ sql ] [ SQL ] SHOW COLUMNS FROM `cms_website_language` [ RunTime:0.000760s ]
[ sql ] [ SQL ] SELECT * FROM `cms_website_language` WHERE  `id` = 1 LIMIT 1 [ RunTime:0.000392s ]
[ sql ] [ SQL ] SELECT * FROM `cms_website_language` WHERE  `status` = 1  AND `is_avail` = 1 [ RunTime:0.000456s ]
[ sql ] [ SQL ] SHOW COLUMNS FROM `cms_website` [ RunTime:0.000815s ]
[ sql ] [ SQL ] SELECT * FROM `cms_website` WHERE  `language_id` = 1 LIMIT 1 [ RunTime:0.000605s ]
[ sql ] [ SQL ] SHOW COLUMNS FROM `cms_app_template` [ RunTime:0.000610s ]
[ sql ] [ SQL ] SELECT * FROM `cms_app_template` WHERE  `current` = 1  AND `status` = 1 LIMIT 1 [ RunTime:0.000667s ]
[ sql ] [ SQL ] SHOW COLUMNS FROM `cms_navigation` [ RunTime:0.000829s ]
[ sql ] [ SQL ] SELECT * FROM `cms_navigation` WHERE  `language_id` = 1  AND `pid` = 0 ORDER BY `sort` ASC [ RunTime:0.000516s ]
[ sql ] [ SQL ] SELECT * FROM `cms_navigation` WHERE  `language_id` = 1  AND `pid` = 7 ORDER BY `sort` ASC [ RunTime:0.000374s ]
[ sql ] [ SQL ] SELECT * FROM `cms_navigation` WHERE  `language_id` = 1  AND `pid` = 8 ORDER BY `sort` ASC [ RunTime:0.000302s ]
[ sql ] [ SQL ] SELECT * FROM `cms_navigation` WHERE  `language_id` = 1  AND `pid` = 9 ORDER BY `sort` ASC [ RunTime:0.000304s ]
[ sql ] [ SQL ] SELECT * FROM `cms_navigation` WHERE  `language_id` = 1  AND `pid` = 12 ORDER BY `sort` ASC [ RunTime:0.000282s ]
[ sql ] [ SQL ] SELECT * FROM `cms_navigation` WHERE  `language_id` = 1  AND `pid` = 13 ORDER BY `sort` ASC [ RunTime:0.000280s ]
[ sql ] [ SQL ] SELECT * FROM `cms_navigation` WHERE  `language_id` = 1  AND `pid` = 14 ORDER BY `sort` ASC [ RunTime:0.000212s ]
[ sql ] [ SQL ] SELECT * FROM `cms_navigation` WHERE  `language_id` = 1  AND `pid` = 10 ORDER BY `sort` ASC [ RunTime:0.000241s ]
[ sql ] [ SQL ] SELECT * FROM `cms_navigation` WHERE  `language_id` = 1  AND `pid` = 15 ORDER BY `sort` ASC [ RunTime:0.000254s ]
[ sql ] [ SQL ] SELECT * FROM `cms_navigation` WHERE  `language_id` = 1  AND `pid` = 16 ORDER BY `sort` ASC [ RunTime:0.000272s ]
[ sql ] [ SQL ] SELECT * FROM `cms_navigation` WHERE  `language_id` = 1  AND `pid` = 11 ORDER BY `sort` ASC [ RunTime:0.000181s ]
[ sql ] [ SQL ] SHOW COLUMNS FROM `cms_page` [ RunTime:0.000513s ]
[ sql ] [ SQL ] SELECT * FROM `cms_page` WHERE  `language_id` = 1  AND `status` = 1 [ RunTime:0.000393s ]
[ sql ] [ SQL ] SHOW COLUMNS FROM `cms_visitor` [ RunTime:0.000839s ]
[ sql ] [ SQL ] INSERT INTO `cms_visitor` (`code` , `first_visit_at` , `last_visit_at` , `created_day` , `created_month` , `created_year` , `is_returning` , `visit_count` , `created_at` , `updated_at`) VALUES ('6b3d24d87d944419879db6aee2e0739c' , 1613717932 , 1613717932 , 19 , 219 , 2021 , 0 , 1 , 1613717934 , 1613717934) [ RunTime:0.001039s ]
[ sql ] [ SQL ] SHOW COLUMNS FROM `cms_visitor_log` [ RunTime:0.000796s ]
[ sql ] [ SQL ] INSERT INTO `cms_visitor_log` (`created_at` , `created_day` , `created_month` , `created_year` , `domain` , `v_url` , `v_title` , `referrer` , `screen_height` , `screen_width` , `screen_colordepth` , `lang` , `account` , `client_ip` , `country` , `user_agent` , `vid` , `updated_at`) VALUES (1613717934 , 19 , 219 , 2021 , 'localhost' , 'http://localhost:82/' , '宁波鄞州区五金工具国际商会' , '其他' , 900 , 1440 , 24 , 'zh-CN' , 'Ningbo Suntek' , 0 , 'China' , 'Chrome' , 23 , 1613717934) [ RunTime:0.001062s ]
